19981207.0700.inter_fm_dga               19981207_0700_0800_inter_fm_dga
19981207.0800.inter_fm_dga               19981207_0800_0900_inter_fm_dga
19981208.0700.inter_fm_dga               19981208_0700_0800_inter_fm_dga
19981208.0800.inter_fm_dga               19981208_0800_0900_inter_fm_dga
19981209.0700.inter_fm_dga               19981209_0700_0800_inter_fm_dga
19981209.0800.inter_fm_dga               19981209_0800_0900_inter_fm_dga
19981210.0700.inter_fm_dga               19981210_0700_0800_inter_fm_dga
19981210.0800.inter_fm_dga               19981210_0800_0900_inter_fm_dga
19981211.0700.inter_fm_dga               19981211_0700_0800_inter_fm_dga
19981211.0800.inter_fm_dga               19981211_0800_0900_inter_fm_dga
19981214.0700.inter_fm_dga               19981214_0700_0800_inter_fm_dga
19981214.0800.inter_fm_dga               19981214_0800_0900_inter_fm_dga
19981215.0700.inter_fm_dga               19981215_0700_0800_inter_fm_dga
19981215.0800.inter_fm_dga               19981215_0800_0900_inter_fm_dga
19981216.0700.inter_fm_dga               19981216_0700_0800_inter_fm_dga
19981216.0800.inter_fm_dga               19981216_0800_0900_inter_fm_dga
19981217.0700.inter_fm_dga               19981217_0700_0800_inter_fm_dga
19981217.0800.inter_fm_dga               19981217_0800_0900_inter_fm_dga
19981218.0700.inter_fm_dga               19981218_0700_0800_inter_fm_dga
19981218.0800.inter_fm_dga               19981218_0800_0900_inter_fm_dga
19990527.1900.inter_fm_dga               19990527_1900_1920_inter_fm_dga
19990607.1900.inter_fm_dga               19990607_1900_1920_inter_fm_dga
19990608.1900.inter_fm_dga               19990608_1900_1920_inter_fm_dga
19990609.1900.inter_fm_dga               19990609_1900_1920_inter_fm_dga
19990610.1900.inter_fm_dga               19990610_1900_1920_inter_fm_dga
19990611.1900.inter_fm_dga               19990611_1900_1920_inter_fm_dga
19990614.1900.inter_fm_dga               19990614_1900_1920_inter_fm_dga
19990616.1900.inter_fm_dga               19990616_1900_1920_inter_fm_dga
19990617.1900.inter_fm_dga               19990617_1900_1920_inter_fm_dga
19990618.1900.inter_fm_dga               19990618_1900_1920_inter_fm_dga
19990621.1900.inter_fm_dga               19990621_1900_1920_inter_fm_dga
19990622.1900.inter_fm_dga               19990622_1900_1920_inter_fm_dga
19990623.1900.inter_fm_dga               19990623_1900_1920_inter_fm_dga
19990624.1900.inter_fm_dga               19990624_1900_1920_inter_fm_dga
19990625.1900.inter_fm_dga               19990625_1900_1920_inter_fm_dga
20000410.0930.rfi_fm_dga                 20000410_0930_1030_rfi_fm_dga
20000410.1130.rfi_fm_dga                 20000410_1130_1230_rfi_fm_dga
20000414.0930.rfi_fm_dga                 20000414_0930_1030_rfi_fm_dga
20000522.0930.rfi_fm_dga                 20000522_0930_1030_rfi_fm_dga
20000522.1130.rfi_fm_dga                 20000522_1130_1230_rfi_fm_dga
20000523.0930.rfi_fm_dga                 20000523_0930_1030_rfi_fm_dga
20000523.1130.rfi_fm_dga                 20000523_1130_1230_rfi_fm_dga
20000524.0930.rfi_fm_dga                 20000524_0930_1030_rfi_fm_dga
20000524.1130.rfi_fm_dga                 20000524_1130_1230_rfi_fm_dga
20000525.0930.rfi_fm_dga                 20000525_0930_1030_rfi_fm_dga
20000525.1130.rfi_fm_dga                 20000525_1130_1230_rfi_fm_dga
20000907.0930.rfi_fm_dga                 20000907_0930_1030_rfi_fm_dga
20000907.1130.rfi_fm_dga                 20000907_1130_1230_rfi_fm_dga
20000908.0930.rfi_fm_dga                 20000908_0930_1030_rfi_fm_dga
20000908.1130.rfi_fm_dga                 20000908_1130_1230_rfi_fm_dga
20030414.0700.FRANCEINTER_DGA            20030414_0700_0800_FRANCEINTER_DGA
20030414.0800.FRANCEINTER_DGA            20030414_0800_0900_FRANCEINTER_DGA
20030414.1200.FRANCEINFO_DGA             20030414_1200_1300_FRANCEINFO_DGA
20030414.1700.FRANCEINFO_DGA             20030414_1700_1800_FRANCEINFO_DGA
20030415.0700.FRANCEINTER_DGA            20030415_0700_0800_FRANCEINTER_DGA
20030415.0800.FRANCEINTER_DGA            20030415_0800_0900_FRANCEINTER_DGA
20030415.1200.FRANCEINFO_DGA             20030415_1200_1300_FRANCEINFO_DGA
20030415.1700.FRANCEINFO_DGA             20030415_1700_1800_FRANCEINFO_DGA
20030416.0700.FRANCEINTER_DGA            20030416_0700_0800_FRANCEINTER_DGA
20030416.0800.FRANCEINTER_DGA            20030416_0800_0900_FRANCEINTER_DGA
20030416.1200.FRANCEINFO_DGA             20030416_1200_1300_FRANCEINFO_DGA
20030416.1700.FRANCEINFO_DGA             20030416_1700_1800_FRANCEINFO_DGA
20030417.0700.FRANCEINTER_DGA            20030417_0700_0800_FRANCEINTER_DGA
20030417.0800.FRANCEINTER_DGA            20030417_0800_0900_FRANCEINTER_DGA
20030417.1200.FRANCEINFO_DGA             20030417_1200_1300_FRANCEINFO_DGA
20030417.1700.FRANCEINFO_DGA             20030417_1700_1800_FRANCEINFO_DGA
20030418.0700.FRANCEINTER_DGA            20030418_0700_0800_FRANCEINTER_DGA
20030418.0800.FRANCEINTER_DGA            20030418_0800_0900_FRANCEINTER_DGA
20030418.1200.FRANCEINFO_DGA             20030418_1200_1300_FRANCEINFO_DGA
20030418.1700.FRANCEINFO_DGA             20030418_1700_1800_FRANCEINFO_DGA
20030428.1400.RFI_ELDA                   20030428_1400_1500_RFI_ELDA
20030429.1400.RFI_ELDA                   20030429_1400_1500_RFI_ELDA
20030430.1400.RFI_ELDA                   20030430_1400_1500_RFI_ELDA
20030501.1400.RFI_ELDA                   20030501_1400_1500_RFI_ELDA
20030502.1400.RFI_ELDA                   20030502_1400_1500_RFI_ELDA
20030505.1400.RFI_ELDA                   20030505_1400_1500_RFI_ELDA
20030506.1400.RFI_ELDA                   20030506_1400_1500_RFI_ELDA
20030507.1400.RFI_ELDA                   20030507_1400_1500_RFI_ELDA
20030508.1400.RFI_ELDA                   20030508_1400_1500_RFI_ELDA
20030509.1400.RFI_ELDA                   20030509_1400_1500_RFI_ELDA
20030619.0700.RTM_ELDA                   20030619_0700_0710_RTM_ELDA
20030619.1300.RTM_ELDA                   20030619_1300_1320_RTM_ELDA
20030619.2000.RTM_ELDA                   20030619_2000_2020_RTM_ELDA
20030619.2300.RTM_ELDA                   20030619_2300_2310_RTM_ELDA
20030620.0700.RTM_ELDA                   20030620_0700_0710_RTM_ELDA
20030620.1300.RTM_ELDA                   20030620_1300_1320_RTM_ELDA
20030620.2000.RTM_ELDA                   20030620_2000_2020_RTM_ELDA
20030620.2300.RTM_ELDA                   20030620_2300_2310_RTM_ELDA
20030621.0700.RTM_ELDA                   20030621_0700_0715_RTM_ELDA
20030621.1300.RTM_ELDA                   20030621_1300_1315_RTM_ELDA
20030621.2000.RTM_ELDA                   20030621_2000_2015_RTM_ELDA
20030621.2300.RTM_ELDA                   20030621_2300_2310_RTM_ELDA
20030622.0700.RTM_ELDA                   20030622_0700_0710_RTM_ELDA
20030622.1300.RTM_ELDA                   20030622_1300_1310_RTM_ELDA
20030622.2000.RTM_ELDA                   20030622_2000_2015_RTM_ELDA
20030622.2300.RTM_ELDA                   20030622_2300_2310_RTM_ELDA
20030623.0700.RTM_ELDA                   20030623_0700_0710_RTM_ELDA
20030623.1300.RTM_ELDA                   20030623_1300_1320_RTM_ELDA
20030623.2000.RTM_ELDA                   20030623_2000_2015_RTM_ELDA
20030623.2300.RTM_ELDA                   20030623_2300_2310_RTM_ELDA
20030627.0700.RTM_ELDA                   20030627_0700_0715_RTM_ELDA
20030627.1300.RTM_ELDA                   20030627_1300_1320_RTM_ELDA
20030627.2000.RTM_ELDA                   20030627_2000_2020_RTM_ELDA
20030627.2300.RTM_ELDA                   20030627_2300_2310_RTM_ELDA
20030628.0700.RTM_ELDA                   20030628_0700_0715_RTM_ELDA
20030628.1300.RTM_ELDA                   20030628_1300_1320_RTM_ELDA
20030628.2000.RTM_ELDA                   20030628_2000_2015_RTM_ELDA
20030628.2300.RTM_ELDA                   20030628_2300_2310_RTM_ELDA
20030629.0700.RTM_ELDA                   20030629_0700_0710_RTM_ELDA
20030629.1300.RTM_ELDA                   20030629_1300_1320_RTM_ELDA
20030629.2000.RTM_ELDA                   20030629_2000_2010_RTM_ELDA
20030629.2300.RTM_ELDA                   20030629_2300_2315_RTM_ELDA
20030630.0700.RTM_ELDA                   20030630_0700_0710_RTM_ELDA
20030630.1300.RTM_ELDA                   20030630_1300_1320_RTM_ELDA
20030630.2000.RTM_ELDA                   20030630_2000_2020_RTM_ELDA
20030630.2300.RTM_ELDA                   20030630_2300_2315_RTM_ELDA
20030701.0700.RTM_ELDA                   20030701_0700_0715_RTM_ELDA
20030701.1300.RTM_ELDA                   20030701_1300_1320_RTM_ELDA
20030701.2000.RTM_ELDA                   20030701_2000_2015_RTM_ELDA
20030701.2300.RTM_ELDA                   20030701_2300_2310_RTM_ELDA
20030702.0700.RTM_ELDA                   20030702_0700_0710_RTM_ELDA
20030702.1300.RTM_ELDA                   20030702_1300_1315_RTM_ELDA
20030702.2000.RTM_ELDA                   20030702_2000_2020_RTM_ELDA
20030702.2300.RTM_ELDA                   20030702_2300_2310_RTM_ELDA
20030703.0700.RTM_ELDA                   20030703_0700_0715_RTM_ELDA
20030703.1300.RTM_ELDA                   20030703_1300_1320_RTM_ELDA
20030703.2000.RTM_ELDA                   20030703_2000_2015_RTM_ELDA
20030703.2300.RTM_ELDA                   20030703_2300_2310_RTM_ELDA
20030704.0700.RTM_ELDA                   20030704_0700_0715_RTM_ELDA
20030704.1300.RTM_ELDA                   20030704_1300_1320_RTM_ELDA
20030704.2000.RTM_ELDA                   20030704_2000_2020_RTM_ELDA
20030704.2300.RTM_ELDA                   20030704_2300_2310_RTM_ELDA
20030705.0700.RTM_ELDA                   20030705_0700_0710_RTM_ELDA
20030705.1300.RTM_ELDA                   20030705_1300_1320_RTM_ELDA
20030705.2000.RTM_ELDA                   20030705_2000_2015_RTM_ELDA
20030705.2300.RTM_ELDA                   20030705_2300_2310_RTM_ELDA
20030706.0700.RTM_ELDA                   20030706_0700_0710_RTM_ELDA
20030706.1300.RTM_ELDA                   20030706_1300_1315_RTM_ELDA
20030706.2000.RTM_ELDA                   20030706_2000_2010_RTM_ELDA
20030706.2300.RTM_ELDA                   20030706_2300_2310_RTM_ELDA
20030707.0700.RTM_ELDA                   20030707_0700_0710_RTM_ELDA
20030707.1300.RTM_ELDA                   20030707_1300_1315_RTM_ELDA
20030707.2000.RTM_ELDA                   20030707_2000_2020_RTM_ELDA
20030707.2300.RTM_ELDA                   20030707_2300_2310_RTM_ELDA
20030708.0700.RTM_ELDA                   20030708_0700_0715_RTM_ELDA
20030708.1300.RTM_ELDA                   20030708_1300_1320_RTM_ELDA
20030708.2000.RTM_ELDA                   20030708_2000_2020_RTM_ELDA
20030708.2300.RTM_ELDA                   20030708_2300_2315_RTM_ELDA
20030709.0700.RTM_ELDA                   20030709_0700_0710_RTM_ELDA
20030709.1300.RTM_ELDA                   20030709_1300_1320_RTM_ELDA
20030709.2000.RTM_ELDA                   20030709_2000_2020_RTM_ELDA
20030709.2300.RTM_ELDA                   20030709_2300_2310_RTM_ELDA
20030710.0700.RTM_ELDA                   20030710_0700_0715_RTM_ELDA
20030710.1300.RTM_ELDA                   20030710_1300_1320_RTM_ELDA
20030710.2000.RTM_ELDA                   20030710_2000_2020_RTM_ELDA
20030710.2300.RTM_ELDA                   20030710_2300_2310_RTM_ELDA
20030711.0700.RTM_ELDA                   20030711_0700_0715_RTM_ELDA
20030711.1300.RTM_ELDA                   20030711_1300_1320_RTM_ELDA
20030711.2000.RTM_ELDA                   20030711_2000_2020_RTM_ELDA
20030711.2300.RTM_ELDA                   20030711_2300_2310_RTM_ELDA
20030712.0700.RTM_ELDA                   20030712_0700_0710_RTM_ELDA
20030712.1300.RTM_ELDA                   20030712_1300_1315_RTM_ELDA
20030712.2000.RTM_ELDA                   20030712_2000_2015_RTM_ELDA
20030712.2300.RTM_ELDA                   20030712_2300_2310_RTM_ELDA
20030713.0700.RTM_ELDA                   20030713_0700_0710_RTM_ELDA
20030713.1300.RTM_ELDA                   20030713_1300_1310_RTM_ELDA
20030713.2000.RTM_ELDA                   20030713_2000_2010_RTM_ELDA
20030713.2300.RTM_ELDA                   20030713_2300_2310_RTM_ELDA
20030717.0700.RTM_ELDA                   20030717_0700_0715_RTM_ELDA
20030717.1300.RTM_ELDA                   20030717_1300_1320_RTM_ELDA
20030717.2000.RTM_ELDA                   20030717_2000_2020_RTM_ELDA
20030717.2300.RTM_ELDA                   20030717_2300_2315_RTM_ELDA
20030719.0700.RTM_ELDA                   20030719_0700_0715_RTM_ELDA
20030719.1300.RTM_ELDA                   20030719_1300_1320_RTM_ELDA
20030719.2000.RTM_ELDA                   20030719_2000_2015_RTM_ELDA
20030719.2300.RTM_ELDA                   20030719_2300_2310_RTM_ELDA
20041006.0700.CLASSIQUE                  20041006_0700_0800_CLASSIQUE
20041006.0800.CULTURE                    20041006_0800_0900_CULTURE
20041007.0800.INTER_DGA                  20041007_0800_0900_INTER_DGA
20041008.1800.INFO_DGA                   20041008_1800_1830_INFO_DGA
20041011.1300.INTER_DGA                  20041011_1300_1400_INTER_DGA
20041012.1800.INFO_DGA                   20041012_1800_1830_INFO_DGA
20041013.1700.INFO_DGA                   20041013_1700_1800_INFO_DGA
20041025.1930.RFI_ELDA                   20041025_1930_2000_RFI_ELDA
20041026.1930.RFI_ELDA                   20041026_1930_2000_RFI_ELDA
20041027.1230.RFI_ELDA                   20041027_1230_1300_RFI_ELDA
20041124.1230.RFI_ELDA                   20041124_1230_1300_RFI_ELDA
20041217.1300.RTM_ELDA                   20041217_1300_1322_RTM_ELDA
20041218.1300.RTM_ELDA                   20041218_1300_1314_RTM_ELDA
20041219.1300.RTM_ELDA                   20041219_1300_1314_RTM_ELDA
20041220.1300.RTM_ELDA                   20041220_1300_1314_RTM_ELDA
20041221.1300.RTM_ELDA                   20041221_1300_1321_RTM_ELDA
20041222.1300.RTM_ELDA                   20041222_1300_1320_RTM_ELDA
20041223.1300.RTM_ELDA                   20041223_1300_1318_RTM_ELDA
20070608.0730.africa1                    20070608_0730_0745_africa1
20070613.0730.africa1                    20070613_0730_0745_africa1
20070614.0730.africa1                    20070614_0730_0745_africa1
20070615.0730.africa1                    20070615_0730_0745_africa1
20070618.0730.africa1                    20070618_0730_0745_africa1
20070619.0730.africa1                    20070619_0730_0745_africa1
20070625.0730.africa1                    20070625_0730_0745_africa1
20070626.0730.africa1                    20070626_0730_0745_africa1
20070628.0730.africa1                    20070628_0730_0745_africa1
20070707.0700.rfi                        20070707_0700_0800_rfi
20070710.0630.rfi                        20070710_0630_0650_rfi
20070710.1900.inter                      20070710_1900_1920_inter
20070711.1900.inter                      20070711_1900_1920_inter
20070712.1900.inter                      20070712_1900_1920_inter
20070715.2045.tvme                       20070715_2045_2100_tvme
20070716.1200.inter                      20070716_1200_1300_inter
20070716.2045.tvme                       20070716_2045_2100_tvme
20070717.2045.tvme                       20070717_2045_2100_tvme
20070718.2045.tvme                       20070718_2045_2100_tvme
20070723.1920.inter                      20070723_1920_2000_inter
20071218.1900.inter                      20071218_1900_1920_inter
20071219.2135.tvme                       20071219_2135_2150_tvme
20071220.1900.inter                      20071220_1900_1920_inter
20071221.1900.inter                      20071221_1900_1920_inter
20071221.2135.tvme                       20071221_2135_2150_tvme
20080107.2135.tvme                       20080107_2135_2150_tvme
20080108.2135.tvme                       20080108_2135_2150_tvme
20080117.1000.inter                      20080117_1000_1100_inter
20080118.1000.inter                      20080118_1000_1100_inter
20080118.2030.rfi                        20080118_2030_2040_rfi
20080122.0930.rfi                        20080122_0930_0940_rfi
20080122.2030.rfi                        20080122_2030_2040_rfi
20080123.2030.rfi                        20080123_2030_2040_rfi
20080124.1920.inter                      20080124_1920_2000_inter
20080124.2030.rfi                        20080124_2030_2040_rfi
20080125.2030.rfi                        20080125_2030_2040_rfi
20080128.2030.rfi                        20080128_2030_2040_rfi
20080204.1900.africa1                    20080204_1900_1910_africa1
20080205.1900.africa1                    20080205_1900_1910_africa1
20080206.1200.africa1                    20080206_1200_1210_africa1
20080207.1200.africa1                    20080207_1200_1210_africa1
20080208.1200.africa1                    20080208_1200_1210_africa1
20080209.1200.africa1                    20080209_1200_1210_africa1
20080210.1200.africa1                    20080210_1200_1210_africa1
20080211.1200.africa1                    20080211_1200_1210_africa1
20080212.1200.africa1                    20080212_1200_1210_africa1
20100203.1750.FINTER_DEBATE              EST2BC_FRE_FR_20100203_1750_FINTER_DEBATE
20100204.1000.FINTER_DEBATE              EST2BC_FRE_FR_20100204_1000_FINTER_DEBATE
20100204.1230.FINTER_FOUDUROI_POD        EST2BC_FRE_FR_20100204_123000_FINTER_FOUDUROI_POD
20100204.1750.FINTER_DEBATE              EST2BC_FRE_FR_20100204_1750_FINTER_DEBATE
20100205.1000.FINTER_DEBATE              EST2BC_FRE_FR_20100205_1000_FINTER_DEBATE
20100207.2000.FINTER_DEBATE              EST2BC_FRE_FR_20100207_2000_FINTER_DEBATE
20100208.1000.FINTER_DEBATE              EST2BC_FRE_FR_20100208_1000_FINTER_DEBATE
20100208.1750.FINTER_DEBATE              EST2BC_FRE_FR_20100208_1750_FINTER_DEBATE
20100214.2000.FINTER_DEBATE              EST2BC_FRE_FR_20100214_2000_FINTER_DEBATE
20100221.2000.FINTER_DEBATE              EST2BC_FRE_FR_20100221_2000_FINTER_DEBATE
20100903.1759.BFMTV_BFMStory             BFMTV_BFMStory_2010-09-03_175900
20100910.1929.LCP_EntreLesLignes         LCP_EntreLesLignes_2010-09-10_192900
20100911.0859.LCP_PileEtFace             LCP_PileEtFace_2010-09-11_085900
20100914.1759.BFMTV_BFMStory             BFMTV_BFMStory_2010-09-14_175900
20100918.0859.LCP_PileEtFace             LCP_PileEtFace_2010-09-18_085900
20100928.2049.LCP_CaVousRegarde          LCP_CaVousRegarde_2010-09-28_204900
20101001.1759.BFMTV_BFMStory             BFMTV_BFMStory_2010-10-01_175900
20101003.0604.LCP_PileEtFace             LCP_PileEtFace_2010-10-03_060400
20101003.1359.LCP_EntreLesLignes         LCP_EntreLesLignes_2010-10-03_135900
20101004.2152.FINTER_DEBATE              EST2BC_FRE_FR_20101004_2152_FINTER_DEBATE
20101005.2152.FINTER_DEBATE              EST2BC_FRE_FR_20101005_2152_FINTER_DEBATE
20101006.0910.FINTER_DEBATE              EST2BC_FRE_FR_20101006_0910_FINTER_DEBATE
20101006.2152.FINTER_DEBATE              EST2BC_FRE_FR_20101006_2152_FINTER_DEBATE
20101007.2152.FINTER_DEBATE              EST2BC_FRE_FR_20101007_2152_FINTER_DEBATE
20101008.0910.FINTER_DEBATE              EST2BC_FRE_FR_20101008_0910_FINTER_DEBATE
20101010.0604.LCP_PileEtFace             LCP_PileEtFace_2010-10-10_060400
20101014.2152.FINTER_DEBATE              EST2BC_FRE_FR_20101014_2152_FINTER_DEBATE
20101015.0910.FINTER_DEBATE              EST2BC_FRE_FR_20101015_0910_FINTER_DEBATE
20101017.0604.LCP_PileEtFace             LCP_PileEtFace_2010-10-17_060400
20101017.2004.FINTER_DEBATE              EST2BC_FRE_FR_20101017_2004_FINTER_DEBATE
20101018.0910.FINTER_DEBATE              EST2BC_FRE_FR_20101018_0910_FINTER_DEBATE
20101018.2048.LCP_CaVousRegarde          LCP_CaVousRegarde_2010-10-18_204800
20101018.2152.FINTER_DEBATE              EST2BC_FRE_FR_20101018_2152_FINTER_DEBATE
20101019.0910.FINTER_DEBATE              EST2BC_FRE_FR_20101019_0910_FINTER_DEBATE
20101020.2152.FINTER_DEBATE              EST2BC_FRE_FR_20101020_2152_FINTER_DEBATE
20101021.2152.FINTER_DEBATE              EST2BC_FRE_FR_20101021_2152_FINTER_DEBATE
20101024.0604.LCP_PileEtFace             LCP_PileEtFace_2010-10-24_060400
20101024.1359.LCP_EntreLesLignes         LCP_EntreLesLignes_2010-10-24_135900
20101024.2004.FINTER_DEBATE              EST2BC_FRE_FR_20101024_2004_FINTER_DEBATE
20101025.2152.FINTER_DEBATE              EST2BC_FRE_FR_20101025_2152_FINTER_DEBATE
20101026.2138.LCP_TopQuestions           LCP_TopQuestions_2010-10-26_213800
20101026.2152.FINTER_DEBATE              EST2BC_FRE_FR_20101026_2152_FINTER_DEBATE
20101028.2152.FINTER_DEBATE              EST2BC_FRE_FR_20101028_2152_FINTER_DEBATE
20101102.2138.LCP_TopQuestions           LCP_TopQuestions_2010-11-02_213800
20101116.2138.LCP_TopQuestions           LCP_TopQuestions_2010-11-16_213800
20101121.0604.LCP_PileEtFace             LCP_PileEtFace_2010-11-21_060400
20101122.1759.BFMTV_BFMStory             BFMTV_BFMStory_2010-11-22_175900
20101122.2048.LCP_CaVousRegarde          LCP_CaVousRegarde_2010-11-22_204800
20101123.2138.LCP_TopQuestions           LCP_TopQuestions_2010-11-23_213800
20101130.2138.LCP_TopQuestions           LCP_TopQuestions_2010-11-30_213800
20110103.1759.BFMTV_BFMStory             BFMTV_BFMStory_2011-01-03_175900
20110123.1359.LCP_EntreLesLignes         LCP_EntreLesLignes_2011-01-23_135900
20110129.1228.LCP_EntreLesLignes         LCP_EntreLesLignes_2011-01-29_122800
20110201.2138.LCP_TopQuestions           LCP_TopQuestions_2011-02-01_213800
20110213.0557.LCP_PileEtFace             LCP_PileEtFace_2011-02-13_055700
20110213.1357.LCP_EntreLesLignes         LCP_EntreLesLignes_2011-02-13_135700
20110217.2047.LCP_CaVousRegarde          LCP_CaVousRegarde_2011-02-17_204700
20110314.1728.TV8_LaPlaceDuVillage       TV8_LaPlaceDuVillage_2011-03-14_172834
20110317.1759.BFMTV_BFMStory             BFMTV_BFMStory_2011-03-17_175900
20110317.1929.LCP_PileEtFace             LCP_PileEtFace_2011-03-17_192900
20110318.1929.LCP_EntreLesLignes         LCP_EntreLesLignes_2011-03-18_192900
20110321.2013.TV8_LaPlaceDuVillage       TV8_LaPlaceDuVillage_2011-03-21_201334
20110323.2139.LCP_TopQuestions           LCP_TopQuestions_2011-03-23_213900
20110324.1929.LCP_PileEtFace             LCP_PileEtFace_2011-03-24_192900
20110325.1929.LCP_EntreLesLignes         LCP_EntreLesLignes_2011-03-25_192900
20110405.0259.LCP_EntreLesLignes         LCP_EntreLesLignes_2011-04-05_025900
20110405.2139.LCP_TopQuestions           LCP_TopQuestions_2011-04-05_213900
20110412.2139.LCP_TopQuestions           LCP_TopQuestions_2011-04-12_213900
20110414.1929.LCP_PileEtFace             LCP_PileEtFace_2011-04-14_192900
20110415.1929.LCP_EntreLesLignes         LCP_EntreLesLignes_2011-04-15_192900
20110503.2013.TV8_LaPlaceDuVillage       TV8_LaPlaceDuVillage_2011-05-03_201300
20110504.2359.LCP_CaVousRegarde          LCP_CaVousRegarde_2011-05-04_235900
20110506.1928.LCP_EntreLesLignes         LCP_EntreLesLignes_2011-05-06_192800
20110507.0258.LCP_PileEtFace             LCP_PileEtFace_2011-05-07_025800
20110509.2359.LCP_CaVousRegarde          LCP_CaVousRegarde_2011-05-09_235900
20110510.2028.LCP_LCPInfo20h30           LCP_LCPInfo20h30_2011-05-10_202800
20110510.2049.LCP_CaVousRegarde          LCP_CaVousRegarde_2011-05-10_204900
20110511.1759.BFMTV_BFMStory             BFMTV_BFMStory_2011-05-11_175900
20110511.2138.LCP_TopQuestions           LCP_TopQuestions_2011-05-11_213800
20110511.2359.LCP_CaVousRegarde          LCP_CaVousRegarde_2011-05-11_235900
20110512.0645.BFMTV_PlaneteShowbiz       BFMTV_PlaneteShowbiz_2011-05-12_064500
20110512.1728.TV8_LaPlaceDuVillage       TV8_LaPlaceDuVillage_2011-05-12_172800
20110512.2359.LCP_CaVousRegarde          LCP_CaVousRegarde_2011-05-12_235900
20110513.0059.LCP_PileEtFace             LCP_PileEtFace_2011-05-13_005900
20110513.0645.BFMTV_PlaneteShowbiz       BFMTV_PlaneteShowbiz_2011-05-13_064500
20110513.1928.LCP_EntreLesLignes         LCP_EntreLesLignes_2011-05-13_192800
20110518.0004.LCP_TopQuestions           LCP_TopQuestions_2011-05-18_000400
20110518.0650.BFMTV_PlaneteShowbiz       BFMTV_PlaneteShowbiz_2011-05-18_065000
20110525.0650.BFMTV_PlaneteShowbiz       BFMTV_PlaneteShowbiz_2011-05-25_065000
20110525.2138.LCP_TopQuestions           LCP_TopQuestions_2011-05-25_213800
20110526.0004.LCP_CaVousRegarde          LCP_CaVousRegarde_2011-05-26_000400
20110526.1928.LCP_PileEtFace             LCP_PileEtFace_2011-05-26_192800
20110527.0650.BFMTV_PlaneteShowbiz       BFMTV_PlaneteShowbiz_2011-05-27_065000
20110531.1759.BFMTV_BFMStory             BFMTV_BFMStory_2011-05-31_175900
20110531.2029.LCP_LCPInfo20h30           LCP_LCPInfo20h30_2011-05-31_202900
20110601.0650.BFMTV_PlaneteShowbiz       BFMTV_PlaneteShowbiz_2011-06-01_065000
20110601.1328.LCP_LCPInfo13h30           LCP_LCPInfo13h30_2011-06-01_132800
20110602.0650.BFMTV_PlaneteShowbiz       BFMTV_PlaneteShowbiz_2011-06-02_065000
20110602.1759.BFMTV_BFMStory             BFMTV_BFMStory_2011-06-02_175900
20110603.0650.BFMTV_PlaneteShowbiz       BFMTV_PlaneteShowbiz_2011-06-03_065000
20110603.1759.BFMTV_BFMStory             BFMTV_BFMStory_2011-06-03_175900
20110704.2358.LCP_CaVousRegarde          LCP_CaVousRegarde_2011-07-04_235800
20110705.0258.LCP_EntreLesLignes         LCP_EntreLesLignes_2011-07-05_025800
20110705.0650.BFMTV_PlaneteShowbiz       BFMTV_PlaneteShowbiz_2011-07-05_065000
20110705.1759.BFMTV_BFMStory             BFMTV_BFMStory_2011-07-05_175900
20110705.2029.LCP_LCPInfo20h30           LCP_LCPInfo20h30_2011-07-05_202900
20110706.0750.BFMTV_PlaneteShowbiz       BFMTV_PlaneteShowbiz_2011-07-06_075000
20110706.1328.LCP_LCPInfo13h30           LCP_LCPInfo13h30_2011-07-06_132800
20110707.1759.BFMTV_BFMStory             BFMTV_BFMStory_2011-07-07_175900
20110707.2028.LCP_LCPInfo20h30           LCP_LCPInfo20h30_2011-07-07_202800
20110708.0650.BFMTV_PlaneteShowbiz       BFMTV_PlaneteShowbiz_2011-07-08_065040
20110708.1328.LCP_LCPInfo13h30           LCP_LCPInfo13h30_2011-07-08_132800
20110708.1759.BFMTV_BFMStory             BFMTV_BFMStory_2011-07-08_175900
20110708.1928.LCP_EntreLesLignes         LCP_EntreLesLignes_2011-07-08_192800
20110709.0303.LCP_PileEtFace             LCP_PileEtFace_2011-07-09_030300
20110711.0650.BFMTV_PlaneteShowbiz       BFMTV_PlaneteShowbiz_2011-07-11_065040
20110711.1759.BFMTV_BFMStory             BFMTV_BFMStory_2011-07-11_175900
20110712.0650.BFMTV_PlaneteShowbiz       BFMTV_PlaneteShowbiz_2011-07-12_065040
20110713.0650.BFMTV_PlaneteShowbiz       BFMTV_PlaneteShowbiz_2011-07-13_065040
20110713.1759.BFMTV_BFMStory             BFMTV_BFMStory_2011-07-13_175900
20110713.2138.LCP_TopQuestions           LCP_TopQuestions_2011-07-13_213800
20110907.1759.BFMTV_BFMStory             BFMTV_BFMStory_2011-09-07_175900
20110908.0650.BFMTV_PlaneteShowbiz       BFMTV_PlaneteShowbiz_2011-09-08_065040
20110909.0650.BFMTV_PlaneteShowbiz       BFMTV_PlaneteShowbiz_2011-09-09_065040
20110912.0750.BFMTV_PlaneteShowbiz       BFMTV_PlaneteShowbiz_2011-09-12_075000
20110912.1759.BFMTV_BFMStory             BFMTV_BFMStory_2011-09-12_175900
20110913.0650.BFMTV_PlaneteShowbiz       BFMTV_PlaneteShowbiz_2011-09-13_065040
20110913.1328.LCP_LCPInfo13h30           LCP_LCPInfo13h30_2011-09-13_132800
20110913.1759.BFMTV_BFMStory             BFMTV_BFMStory_2011-09-13_175900
20110914.0650.BFMTV_PlaneteShowbiz       BFMTV_PlaneteShowbiz_2011-09-14_065040
20110915.0650.BFMTV_PlaneteShowbiz       BFMTV_PlaneteShowbiz_2011-09-15_065040
20110915.1859.LCP_PileEtFace             LCP_PileEtFace_2011-09-15_185900
20110916.0650.BFMTV_PlaneteShowbiz       BFMTV_PlaneteShowbiz_2011-09-16_065040
20110916.1923.LCP_EntreLesLignes         LCP_EntreLesLignes_2011-09-16_192300
20110920.0650.BFMTV_PlaneteShowbiz       BFMTV_PlaneteShowbiz_2011-09-20_065040
20110921.0650.BFMTV_PlaneteShowbiz       BFMTV_PlaneteShowbiz_2011-09-21_065040
20110922.0650.BFMTV_PlaneteShowbiz       BFMTV_PlaneteShowbiz_2011-09-22_065040
20110923.0650.BFMTV_PlaneteShowbiz       BFMTV_PlaneteShowbiz_2011-09-23_065040
20110923.0957.LCP_PileEtFace             LCP_PileEtFace_2011-09-23_095700
20110927.0650.BFMTV_PlaneteShowbiz       BFMTV_PlaneteShowbiz_2011-09-27_065040
20110927.2327.LCP_TopQuestions           LCP_TopQuestions_2011-09-27_232700
20110928.0750.BFMTV_PlaneteShowbiz       BFMTV_PlaneteShowbiz_2011-09-28_075000
20110929.0750.BFMTV_PlaneteShowbiz       BFMTV_PlaneteShowbiz_2011-09-29_075000
20110930.0650.BFMTV_PlaneteShowbiz       BFMTV_PlaneteShowbiz_2011-09-30_065040
20110930.1457.LCP_PileEtFace             LCP_PileEtFace_2011-09-30_145700
20111001.1233.LCP_EntreLesLignes         LCP_EntreLesLignes_2011-10-01_123300
20111003.0650.BFMTV_PlaneteShowbiz       BFMTV_PlaneteShowbiz_2011-10-03_065040
20111004.0650.BFMTV_PlaneteShowbiz       BFMTV_PlaneteShowbiz_2011-10-04_065040
20111004.2012.LCP_TopQuestions           LCP_TopQuestions_2011-10-04_201200
20111005.0650.BFMTV_PlaneteShowbiz       BFMTV_PlaneteShowbiz_2011-10-05_065040
20111005.1327.LCP_LCPInfo13h30           LCP_LCPInfo13h30_2011-10-05_132700
20111006.1927.LCP_PileEtFace             LCP_PileEtFace_2011-10-06_192700
20111007.0650.BFMTV_PlaneteShowbiz       BFMTV_PlaneteShowbiz_2011-10-07_065040
20111007.1927.LCP_EntreLesLignes         LCP_EntreLesLignes_2011-10-07_192700
20111011.0650.BFMTV_PlaneteShowbiz       BFMTV_PlaneteShowbiz_2011-10-11_065040
20111011.2327.LCP_TopQuestions           LCP_TopQuestions_2011-10-11_232700
20111013.0650.BFMTV_PlaneteShowbiz       BFMTV_PlaneteShowbiz_2011-10-13_065040
20111013.2046.LCP_CaVousRegarde          LCP_CaVousRegarde_2011-10-13_204600
20111014.1327.LCP_LCPInfo13h30           LCP_LCPInfo13h30_2011-10-14_132700
20111014.1758.BFMTV_BFMStory             BFMTV_BFMStory_2011-10-14_175800
20111015.0327.LCP_PileEtFace             LCP_PileEtFace_2011-10-15_032700
20111017.1327.LCP_LCPInfo13h30           LCP_LCPInfo13h30_2011-10-17_132700
20111017.1758.BFMTV_BFMStory             BFMTV_BFMStory_2011-10-17_175800
20111017.2027.LCP_CaVousRegarde          LCP_CaVousRegarde_2011-10-17_202700
20111018.0327.LCP_EntreLesLignes         LCP_EntreLesLignes_2011-10-18_032700
20111018.0650.BFMTV_PlaneteShowbiz       BFMTV_PlaneteShowbiz_2011-10-18_065040
20111018.1327.LCP_LCPInfo13h30           LCP_LCPInfo13h30_2011-10-18_132700
20111018.2327.LCP_TopQuestions           LCP_TopQuestions_2011-10-18_232700
20111019.0650.BFMTV_PlaneteShowbiz       BFMTV_PlaneteShowbiz_2011-10-19_065040
20111019.1327.LCP_LCPInfo13h30           LCP_LCPInfo13h30_2011-10-19_132700
20111020.0650.BFMTV_PlaneteShowbiz       BFMTV_PlaneteShowbiz_2011-10-20_065040
20111020.1327.LCP_LCPInfo13h30           LCP_LCPInfo13h30_2011-10-20_132700
20111021.0750.BFMTV_PlaneteShowbiz       BFMTV_PlaneteShowbiz_2011-10-21_075000
20111024.0650.BFMTV_PlaneteShowbiz       BFMTV_PlaneteShowbiz_2011-10-24_065040
20111025.0650.BFMTV_PlaneteShowbiz       BFMTV_PlaneteShowbiz_2011-10-25_065040
20111025.2327.LCP_TopQuestions           LCP_TopQuestions_2011-10-25_232700
20111026.0750.BFMTV_PlaneteShowbiz       BFMTV_PlaneteShowbiz_2011-10-26_075000
20111027.0650.BFMTV_PlaneteShowbiz       BFMTV_PlaneteShowbiz_2011-10-27_065040
20111028.0650.BFMTV_PlaneteShowbiz       BFMTV_PlaneteShowbiz_2011-10-28_065040
20111029.0326.LCP_PileEtFace             LCP_PileEtFace_2011-10-29_032600
20111031.0650.BFMTV_PlaneteShowbiz       BFMTV_PlaneteShowbiz_2011-10-31_065040
20111101.0650.BFMTV_PlaneteShowbiz       BFMTV_PlaneteShowbiz_2011-11-01_065040
20111102.0650.BFMTV_PlaneteShowbiz       BFMTV_PlaneteShowbiz_2011-11-02_065040
20111102.1758.BFMTV_BFMStory             BFMTV_BFMStory_2011-11-02_175800
20111102.2327.LCP_TopQuestions           LCP_TopQuestions_2011-11-02_232700
20111103.0750.BFMTV_PlaneteShowbiz       BFMTV_PlaneteShowbiz_2011-11-03_075000
20111103.1927.LCP_PileEtFace             LCP_PileEtFace_2011-11-03_192700
20111104.0650.BFMTV_PlaneteShowbiz       BFMTV_PlaneteShowbiz_2011-11-04_065040
20111107.0650.BFMTV_PlaneteShowbiz       BFMTV_PlaneteShowbiz_2011-11-07_065040
20111108.0650.BFMTV_PlaneteShowbiz       BFMTV_PlaneteShowbiz_2011-11-08_065040
20111108.2327.LCP_TopQuestions           LCP_TopQuestions_2011-11-08_232700
20111109.0650.BFMTV_PlaneteShowbiz       BFMTV_PlaneteShowbiz_2011-11-09_065040
20111110.0650.BFMTV_PlaneteShowbiz       BFMTV_PlaneteShowbiz_2011-11-10_065040
20111110.1926.LCP_PileEtFace             LCP_PileEtFace_2011-11-10_192600
20111111.0650.BFMTV_PlaneteShowbiz       BFMTV_PlaneteShowbiz_2011-11-11_065040
20111115.0650.BFMTV_PlaneteShowbiz       BFMTV_PlaneteShowbiz_2011-11-15_065040
20111116.0650.BFMTV_PlaneteShowbiz       BFMTV_PlaneteShowbiz_2011-11-16_065040
20111118.1927.LCP_EntreLesLignes         LCP_EntreLesLignes_2011-11-18_192700
20111119.0857.LCP_PileEtFace             LCP_PileEtFace_2011-11-19_085700
20111121.0650.BFMTV_PlaneteShowbiz       BFMTV_PlaneteShowbiz_2011-11-21_065040
20111122.0650.BFMTV_PlaneteShowbiz       BFMTV_PlaneteShowbiz_2011-11-22_065040
20111123.0750.BFMTV_PlaneteShowbiz       BFMTV_PlaneteShowbiz_2011-11-23_075000
20111124.0650.BFMTV_PlaneteShowbiz       BFMTV_PlaneteShowbiz_2011-11-24_065040
20111124.1327.LCP_LCPInfo13h30           LCP_LCPInfo13h30_2011-11-24_132700
20111124.1927.LCP_PileEtFace             LCP_PileEtFace_2011-11-24_192700
20111128.0650.BFMTV_PlaneteShowbiz       BFMTV_PlaneteShowbiz_2011-11-28_065040
20111128.1758.BFMTV_BFMStory             BFMTV_BFMStory_2011-11-28_175800
20111129.0650.BFMTV_PlaneteShowbiz       BFMTV_PlaneteShowbiz_2011-11-29_065040
20111129.1758.BFMTV_BFMStory             BFMTV_BFMStory_2011-11-29_175800
20111129.2047.LCP_CaVousRegarde          LCP_CaVousRegarde_2011-11-29_204700
20111130.0750.BFMTV_PlaneteShowbiz       BFMTV_PlaneteShowbiz_2011-11-30_075000
20111130.2012.LCP_TopQuestions           LCP_TopQuestions_2011-11-30_201200
20111201.0650.BFMTV_PlaneteShowbiz       BFMTV_PlaneteShowbiz_2011-12-01_065040
20111201.1327.LCP_LCPInfo13h30           LCP_LCPInfo13h30_2011-12-01_132700
20111201.1927.LCP_PileEtFace             LCP_PileEtFace_2011-12-01_192700
20111202.0650.BFMTV_PlaneteShowbiz       BFMTV_PlaneteShowbiz_2011-12-02_065040
20111206.1327.LCP_LCPInfo13h30           LCP_LCPInfo13h30_2011-12-06_132700
20111206.1758.BFMTV_BFMStory             BFMTV_BFMStory_2011-12-06_175800
20111207.0650.BFMTV_PlaneteShowbiz       BFMTV_PlaneteShowbiz_2011-12-07_065040
20111207.2012.LCP_TopQuestions           LCP_TopQuestions_2011-12-07_201200
20111208.0650.BFMTV_PlaneteShowbiz       BFMTV_PlaneteShowbiz_2011-12-08_065040
20111209.0650.BFMTV_PlaneteShowbiz       BFMTV_PlaneteShowbiz_2011-12-09_065040
20111212.0650.BFMTV_PlaneteShowbiz       BFMTV_PlaneteShowbiz_2011-12-12_065040
20111212.1327.LCP_LCPInfo13h30           LCP_LCPInfo13h30_2011-12-12_132700
20111212.1758.BFMTV_BFMStory             BFMTV_BFMStory_2011-12-12_175800
20111213.0750.BFMTV_PlaneteShowbiz       BFMTV_PlaneteShowbiz_2011-12-13_075000
20111213.2327.LCP_TopQuestions           LCP_TopQuestions_2011-12-13_232700
20111214.0650.BFMTV_PlaneteShowbiz       BFMTV_PlaneteShowbiz_2011-12-14_065040
20111214.2327.LCP_TopQuestions           LCP_TopQuestions_2011-12-14_232700
20111216.0650.BFMTV_PlaneteShowbiz       BFMTV_PlaneteShowbiz_2011-12-16_065040
20111216.1927.LCP_EntreLesLignes         LCP_EntreLesLignes_2011-12-16_192700
20111220.0650.BFMTV_PlaneteShowbiz       BFMTV_PlaneteShowbiz_2011-12-20_065040
20111220.2046.LCP_CaVousRegarde          LCP_CaVousRegarde_2011-12-20_204600
20111220.2327.LCP_TopQuestions           LCP_TopQuestions_2011-12-20_232700
20111221.2326.LCP_TopQuestions           LCP_TopQuestions_2011-12-21_232600
20120110.1758.BFMTV_BFMStory             BFMTV_BFMStory_2012-01-10_175800
20120110.2332.LCP_TopQuestions           LCP_TopQuestions_2012-01-10_233200
20120111.2327.LCP_TopQuestions           LCP_TopQuestions_2012-01-11_232700
20120112.1927.LCP_PileEtFace             LCP_PileEtFace_2012-01-12_192700
20120113.0650.BFMTV_CultureEtVous        BFMTV_CultureEtVous_2012-01-13_065040
20120116.0750.BFMTV_CultureEtVous        BFMTV_CultureEtVous_2012-01-16_075000
20120117.0650.BFMTV_CultureEtVous        BFMTV_CultureEtVous_2012-01-17_065040
20120117.2327.LCP_TopQuestions           LCP_TopQuestions_2012-01-17_232700
20120118.0650.BFMTV_CultureEtVous        BFMTV_CultureEtVous_2012-01-18_065040
20120118.2327.LCP_TopQuestions           LCP_TopQuestions_2012-01-18_232700
20120119.0650.BFMTV_CultureEtVous        BFMTV_CultureEtVous_2012-01-19_065040
20120119.1927.LCP_PileEtFace             LCP_PileEtFace_2012-01-19_192700
20120119.2047.LCP_CaVousRegarde          LCP_CaVousRegarde_2012-01-19_204700
20120123.1758.BFMTV_BFMStory             BFMTV_BFMStory_2012-01-23_175800
20120124.1327.LCP_LCPInfo13h30           LCP_LCPInfo13h30_2012-01-24_132700
20120125.1327.LCP_LCPInfo13h30           LCP_LCPInfo13h30_2012-01-25_132700
20120125.2047.LCP_CaVousRegarde          LCP_CaVousRegarde_2012-01-25_204700
20120125.2327.LCP_TopQuestions           LCP_TopQuestions_2012-01-25_232700
20120126.1927.LCP_PileEtFace             LCP_PileEtFace_2012-01-26_192700
20120127.1327.LCP_LCPInfo13h30           LCP_LCPInfo13h30_2012-01-27_132700
20120127.1927.LCP_EntreLesLignes         LCP_EntreLesLignes_2012-01-27_192700
20120130.1327.LCP_LCPInfo13h30           LCP_LCPInfo13h30_2012-01-30_132700
20120131.1327.LCP_LCPInfo13h30           LCP_LCPInfo13h30_2012-01-31_132700
20120213.1327.LCP_LCPInfo13h30           LCP_LCPInfo13h30_2012-02-13_132700
20120214.0650.BFMTV_CultureEtVous        BFMTV_CultureEtVous_2012-02-14_065040
20120214.1327.LCP_LCPInfo13h30           LCP_LCPInfo13h30_2012-02-14_132700
20120214.1758.BFMTV_BFMStory             BFMTV_BFMStory_2012-02-14_175800
20120214.2322.LCP_TopQuestions           LCP_TopQuestions_2012-02-14_232200
20120215.0650.BFMTV_CultureEtVous        BFMTV_CultureEtVous_2012-02-15_065040
20120215.1327.LCP_LCPInfo13h30           LCP_LCPInfo13h30_2012-02-15_132700
20120216.0650.BFMTV_CultureEtVous        BFMTV_CultureEtVous_2012-02-16_065040
20120216.1327.LCP_LCPInfo13h30           LCP_LCPInfo13h30_2012-02-16_132700
20120217.0650.BFMTV_CultureEtVous        BFMTV_CultureEtVous_2012-02-17_065040
20120217.1327.LCP_LCPInfo13h30           LCP_LCPInfo13h30_2012-02-17_132700
20120220.0650.BFMTV_CultureEtVous        BFMTV_CultureEtVous_2012-02-20_065040
20120220.1327.LCP_LCPInfo13h30           LCP_LCPInfo13h30_2012-02-20_132700
20120220.1758.BFMTV_BFMStory             BFMTV_BFMStory_2012-02-20_175800
20120221.0650.BFMTV_CultureEtVous        BFMTV_CultureEtVous_2012-02-21_065040
20120222.2327.LCP_TopQuestions           LCP_TopQuestions_2012-02-22_232700
20120223.0750.BFMTV_CultureEtVous        BFMTV_CultureEtVous_2012-02-23_075000
20120224.0650.BFMTV_CultureEtVous        BFMTV_CultureEtVous_2012-02-24_065040
20120224.1327.LCP_LCPInfo13h30           LCP_LCPInfo13h30_2012-02-24_132700
20120225.0327.LCP_PileEtFace             LCP_PileEtFace_2012-02-25_032700
20120228.0650.BFMTV_CultureEtVous        BFMTV_CultureEtVous_2012-02-28_065040
20120229.0650.BFMTV_CultureEtVous        BFMTV_CultureEtVous_2012-02-29_065040
20120301.0650.BFMTV_CultureEtVous        BFMTV_CultureEtVous_2012-03-01_065040
20120402.0650.BFMTV_CultureEtVous        BFMTV_CultureEtVous_2012-04-02_065040
20120402.1327.LCP_LCPInfo13h30           LCP_LCPInfo13h30_2012-04-02_132700
20120403.0650.BFMTV_CultureEtVous        BFMTV_CultureEtVous_2012-04-03_065040
20120403.1327.LCP_LCPInfo13h30           LCP_LCPInfo13h30_2012-04-03_132700
20120404.0650.BFMTV_CultureEtVous        BFMTV_CultureEtVous_2012-04-04_065040
20120404.1327.LCP_LCPInfo13h30           LCP_LCPInfo13h30_2012-04-04_132700
20120405.0650.BFMTV_CultureEtVous        BFMTV_CultureEtVous_2012-04-05_065040
20120405.1327.LCP_LCPInfo13h30           LCP_LCPInfo13h30_2012-04-05_132700
20120406.0650.BFMTV_CultureEtVous        BFMTV_CultureEtVous_2012-04-06_065040
20120411.0650.BFMTV_CultureEtVous        BFMTV_CultureEtVous_2012-04-11_065040
20120411.1327.LCP_LCPInfo13h30           LCP_LCPInfo13h30_2012-04-11_132700
20120412.0650.BFMTV_CultureEtVous        BFMTV_CultureEtVous_2012-04-12_065040
20120412.1327.LCP_LCPInfo13h30           LCP_LCPInfo13h30_2012-04-12_132700
20120413.0650.BFMTV_CultureEtVous        BFMTV_CultureEtVous_2012-04-13_065040
20120413.1327.LCP_LCPInfo13h30           LCP_LCPInfo13h30_2012-04-13_132700
20120416.0650.BFMTV_CultureEtVous        BFMTV_CultureEtVous_2012-04-16_065040
20120417.1327.LCP_LCPInfo13h30           LCP_LCPInfo13h30_2012-04-17_132700
20120418.1327.LCP_LCPInfo13h30           LCP_LCPInfo13h30_2012-04-18_132700
20120419.1327.LCP_LCPInfo13h30           LCP_LCPInfo13h30_2012-04-19_132700
20120503.1327.LCP_LCPInfo13h30           LCP_LCPInfo13h30_2012-05-03_132700
20120504.0650.BFMTV_CultureEtVous        BFMTV_CultureEtVous_2012-05-04_065040
20120508.0650.BFMTV_CultureEtVous        BFMTV_CultureEtVous_2012-05-08_065040
20120509.0650.BFMTV_CultureEtVous        BFMTV_CultureEtVous_2012-05-09_065040
20120510.0650.BFMTV_CultureEtVous        BFMTV_CultureEtVous_2012-05-10_065040
20120510.1327.LCP_LCPInfo13h30           LCP_LCPInfo13h30_2012-05-10_132700
20120510.1927.LCP_PileEtFace             LCP_PileEtFace_2012-05-10_192700
20120511.0650.BFMTV_CultureEtVous        BFMTV_CultureEtVous_2012-05-11_065040
20120511.1327.LCP_LCPInfo13h30           LCP_LCPInfo13h30_2012-05-11_132700
20120511.1922.LCP_EntreLesLignes         LCP_EntreLesLignes_2012-05-11_192200
20120514.0650.BFMTV_CultureEtVous        BFMTV_CultureEtVous_2012-05-14_065040
20120514.1327.LCP_LCPInfo13h30           LCP_LCPInfo13h30_2012-05-14_132700
20120515.1327.LCP_LCPInfo13h30           LCP_LCPInfo13h30_2012-05-15_132700
20120705.0650.BFMTV_CultureEtVous        BFMTV_CultureEtVous_2012-07-05_065040
20120705.1758.BFMTV_BFMStory             BFMTV_BFMStory_2012-07-05_175800
20120705.1927.LCP_PileEtFace             LCP_PileEtFace_2012-07-05_192700
20120706.0650.BFMTV_CultureEtVous        BFMTV_CultureEtVous_2012-07-06_065040
20120709.0650.BFMTV_CultureEtVous        BFMTV_CultureEtVous_2012-07-09_065040
20120716.1758.BFMTV_BFMStory             BFMTV_BFMStory_2012-07-16_175800
20120717.1758.BFMTV_BFMStory             BFMTV_BFMStory_2012-07-17_175800
20120718.0650.BFMTV_CultureEtVous        BFMTV_CultureEtVous_2012-07-18_065040
20120718.1758.BFMTV_BFMStory             BFMTV_BFMStory_2012-07-18_175800
20120719.1758.BFMTV_BFMStory             BFMTV_BFMStory_2012-07-19_175800
20120720.0650.BFMTV_CultureEtVous        BFMTV_CultureEtVous_2012-07-20_065040
20120720.1758.BFMTV_BFMStory             BFMTV_BFMStory_2012-07-20_175800
20120723.0650.BFMTV_CultureEtVous        BFMTV_CultureEtVous_2012-07-23_065040
20120723.1758.BFMTV_BFMStory             BFMTV_BFMStory_2012-07-23_175800
20120724.0650.BFMTV_CultureEtVous        BFMTV_CultureEtVous_2012-07-24_065040
20120724.1758.BFMTV_BFMStory             BFMTV_BFMStory_2012-07-24_175800
20120725.0650.BFMTV_CultureEtVous        BFMTV_CultureEtVous_2012-07-25_065040
20120726.0650.BFMTV_CultureEtVous        BFMTV_CultureEtVous_2012-07-26_065040
20120726.1758.BFMTV_BFMStory             BFMTV_BFMStory_2012-07-26_175800
20120727.0650.BFMTV_CultureEtVous        BFMTV_CultureEtVous_2012-07-27_065040
20120727.1758.BFMTV_BFMStory             BFMTV_BFMStory_2012-07-27_175800
20120729.1358.LCP_EntreLesLignes         LCP_EntreLesLignes_2012-07-29_135800
20120730.0650.BFMTV_CultureEtVous        BFMTV_CultureEtVous_2012-07-30_065040
20120731.0650.BFMTV_CultureEtVous        BFMTV_CultureEtVous_2012-07-31_065040
20120823.0650.BFMTV_CultureEtVous        BFMTV_CultureEtVous_2012-08-23_065040
20120824.1758.BFMTV_BFMStory             BFMTV_BFMStory_2012-08-24_175800
20120827.0650.BFMTV_CultureEtVous        BFMTV_CultureEtVous_2012-08-27_065040
20120828.0650.BFMTV_CultureEtVous        BFMTV_CultureEtVous_2012-08-28_065040
20120829.0650.BFMTV_CultureEtVous        BFMTV_CultureEtVous_2012-08-29_065040
20120911.0650.BFMTV_CultureEtVous        BFMTV_CultureEtVous_2012-09-11_065040
20120911.1755.BFMTV_BFMStory             BFMTV_BFMStory_2012-09-11_175500
20120911.2022.LCP_CaVousRegarde          LCP_CaVousRegarde_2012-09-11_202200
20120912.0650.BFMTV_CultureEtVous        BFMTV_CultureEtVous_2012-09-12_065040
20120914.0647.BFMTV_CultureEtVous        BFMTV_CultureEtVous_2012-09-14_064700
20120914.0827.LCP_CaVousRegarde          LCP_CaVousRegarde_2012-09-14_082700
20120917.1755.BFMTV_BFMStory             BFMTV_BFMStory_2012-09-17_175500
20120917.2045.LCP_CaVousRegarde          LCP_CaVousRegarde_2012-09-17_204500
20120918.1752.BFMTV_BFMStory             BFMTV_BFMStory_2012-09-18_175200
20120918.1903.BFMTV_RuthElkrief          BFMTV_RuthElkrief_2012-09-18_190340
20120918.2035.LCP_CaVousRegarde          LCP_CaVousRegarde_2012-09-18_203500
20120919.0025.LCP_CaVousRegarde          LCP_CaVousRegarde_2012-09-19_002500
20120919.0647.BFMTV_CultureEtVous        BFMTV_CultureEtVous_2012-09-19_064700
20120919.1755.BFMTV_BFMStory             BFMTV_BFMStory_2012-09-19_175500
20120919.1900.BFMTV_RuthElkrief          BFMTV_RuthElkrief_2012-09-19_190040
20120920.0025.LCP_CaVousRegarde          LCP_CaVousRegarde_2012-09-20_002500
20120920.1755.BFMTV_BFMStory             BFMTV_BFMStory_2012-09-20_175500
20120920.1900.BFMTV_RuthElkrief          BFMTV_RuthElkrief_2012-09-20_190040
20120921.0647.BFMTV_CultureEtVous        BFMTV_CultureEtVous_2012-09-21_064700
20120921.1900.BFMTV_RuthElkrief          BFMTV_RuthElkrief_2012-09-21_190040
20120921.2125.LCP_EntreLesLignes         LCP_EntreLesLignes_2012-09-21_212500
20120924.0647.BFMTV_CultureEtVous        BFMTV_CultureEtVous_2012-09-24_064700
20120924.2025.LCP_CaVousRegarde          LCP_CaVousRegarde_2012-09-24_202500
20120925.0647.BFMTV_CultureEtVous        BFMTV_CultureEtVous_2012-09-25_064700
20120925.2025.LCP_CaVousRegarde          LCP_CaVousRegarde_2012-09-25_202500
20120925.2324.LCP_TopQuestions           LCP_TopQuestions_2012-09-25_232400
20120926.0647.BFMTV_CultureEtVous        BFMTV_CultureEtVous_2012-09-26_064700
20120926.2025.LCP_CaVousRegarde          LCP_CaVousRegarde_2012-09-26_202500
20120927.0647.BFMTV_CultureEtVous        BFMTV_CultureEtVous_2012-09-27_064700
20120928.0647.BFMTV_CultureEtVous        BFMTV_CultureEtVous_2012-09-28_064700
20120928.2124.LCP_EntreLesLignes         LCP_EntreLesLignes_2012-09-28_212400
20120929.0855.LCP_PileEtFace             LCP_PileEtFace_2012-09-29_085500
20121002.0647.BFMTV_CultureEtVous        BFMTV_CultureEtVous_2012-10-02_064700
20121002.2325.LCP_TopQuestions           LCP_TopQuestions_2012-10-02_232500
20121003.0647.BFMTV_CultureEtVous        BFMTV_CultureEtVous_2012-10-03_064700
20121004.0647.BFMTV_CultureEtVous        BFMTV_CultureEtVous_2012-10-04_064700
20121004.1922.LCP_PileEtFace             LCP_PileEtFace_2012-10-04_192200
20121005.0647.BFMTV_CultureEtVous        BFMTV_CultureEtVous_2012-10-05_064700
20121005.2124.LCP_EntreLesLignes         LCP_EntreLesLignes_2012-10-05_212400
20121008.0125.LCP_PileEtFace             LCP_PileEtFace_2012-10-08_012500
20121008.0647.BFMTV_CultureEtVous        BFMTV_CultureEtVous_2012-10-08_064700
20121009.0647.BFMTV_CultureEtVous        BFMTV_CultureEtVous_2012-10-09_064700
20121012.0647.BFMTV_CultureEtVous        BFMTV_CultureEtVous_2012-10-12_064700
20121015.1425.LCP_PileEtFace             LCP_PileEtFace_2012-10-15_142500
20121016.0325.LCP_EntreLesLignes         LCP_EntreLesLignes_2012-10-16_032500
20121016.0647.BFMTV_CultureEtVous        BFMTV_CultureEtVous_2012-10-16_064700
20121016.2325.LCP_TopQuestions           LCP_TopQuestions_2012-10-16_232500
20121017.0647.BFMTV_CultureEtVous        BFMTV_CultureEtVous_2012-10-17_064700
20121018.0647.BFMTV_CultureEtVous        BFMTV_CultureEtVous_2012-10-18_064700
20121019.2120.LCP_EntreLesLignes         LCP_EntreLesLignes_2012-10-19_212000
20121020.0854.LCP_PileEtFace             LCP_PileEtFace_2012-10-20_085400
20121022.0647.BFMTV_CultureEtVous        BFMTV_CultureEtVous_2012-10-22_064700
20121023.0647.BFMTV_CultureEtVous        BFMTV_CultureEtVous_2012-10-23_064700
20121024.0647.BFMTV_CultureEtVous        BFMTV_CultureEtVous_2012-10-24_064700
20121025.1925.LCP_PileEtFace             LCP_PileEtFace_2012-10-25_192500
20121026.0125.LCP_PileEtFace             LCP_PileEtFace_2012-10-26_012500
20121026.0647.BFMTV_CultureEtVous        BFMTV_CultureEtVous_2012-10-26_064700
20121030.2325.LCP_TopQuestions           LCP_TopQuestions_2012-10-30_232500
20121108.1758.BFMTV_BFMStory             BFMTV_BFMStory_2012-11-08_175800
20121108.2325.LCP_TopQuestions           LCP_TopQuestions_2012-11-08_232500
20121109.0647.BFMTV_CultureEtVous        BFMTV_CultureEtVous_2012-11-09_064700
20121109.1758.BFMTV_BFMStory             BFMTV_BFMStory_2012-11-09_175800
20121112.0647.BFMTV_CultureEtVous        BFMTV_CultureEtVous_2012-11-12_064700
20121114.1758.BFMTV_BFMStory             BFMTV_BFMStory_2012-11-14_175800
20121115.1758.BFMTV_BFMStory             BFMTV_BFMStory_2012-11-15_175800
20121116.0647.BFMTV_CultureEtVous        BFMTV_CultureEtVous_2012-11-16_064700
20121117.0325.LCP_EntreLesLignes         LCP_EntreLesLignes_2012-11-17_032500
20121123.0647.BFMTV_CultureEtVous        BFMTV_CultureEtVous_2012-11-23_064700
20121124.0325.LCP_EntreLesLignes         LCP_EntreLesLignes_2012-11-24_032500
20121126.1355.LCP_LCPActu14h             LCP_LCPActu14h_2012-11-26_135500
20121127.0647.BFMTV_CultureEtVous        BFMTV_CultureEtVous_2012-11-27_064700
20121128.2325.LCP_TopQuestions           LCP_TopQuestions_2012-11-28_232500
20121129.0647.BFMTV_CultureEtVous        BFMTV_CultureEtVous_2012-11-29_064700
20121130.0125.LCP_PileEtFace             LCP_PileEtFace_2012-11-30_012500
20121204.0647.BFMTV_CultureEtVous        BFMTV_CultureEtVous_2012-12-04_064700
20121205.0647.BFMTV_CultureEtVous        BFMTV_CultureEtVous_2012-12-05_064700
20121206.0650.BFMTV_CultureEtVous        BFMTV_CultureEtVous_2012-12-06_065040
20121208.0125.LCP_PileEtFace             LCP_PileEtFace_2012-12-08_012500
20121208.0325.LCP_EntreLesLignes         LCP_EntreLesLignes_2012-12-08_032500
20121210.0647.BFMTV_CultureEtVous        BFMTV_CultureEtVous_2012-12-10_064700
20121211.0647.BFMTV_CultureEtVous        BFMTV_CultureEtVous_2012-12-11_064700
20121212.0650.BFMTV_CultureEtVous        BFMTV_CultureEtVous_2012-12-12_065040
20121213.0647.BFMTV_CultureEtVous        BFMTV_CultureEtVous_2012-12-13_064700
20121217.0647.BFMTV_CultureEtVous        BFMTV_CultureEtVous_2012-12-17_064700
20121221.0647.BFMTV_CultureEtVous        BFMTV_CultureEtVous_2012-12-21_064700
20130103.0647.BFMTV_CultureEtVous        BFMTV_CultureEtVous_2013-01-03_064700
20130108.1354.LCP_LCPActu14h             LCP_LCPActu14h_2013-01-08_135400
20130109.1354.LCP_LCPActu14h             LCP_LCPActu14h_2013-01-09_135400
20130119.2124.LCP_EntreLesLignes         LCP_EntreLesLignes_2013-01-19_212400
20130130.2326.LCP_TopQuestions           LCP_TopQuestions_2013-01-30_232600
20130302.2124.LCP_EntreLesLignes         LCP_EntreLesLignes_2013-03-02_212400
20130316.2124.LCP_EntreLesLignes         LCP_EntreLesLignes_2013-03-16_212400
20130424.2326.LCP_TopQuestions           LCP_TopQuestions_2013-04-24_232600
