19981207.0700.inter_fm_dga
19981209.0800.inter_fm_dga
19981214.0700.inter_fm_dga
19981216.0800.inter_fm_dga
19990527.1900.inter_fm_dga
19990611.1900.inter_fm_dga
19990621.1900.inter_fm_dga
20000410.0930.rfi_fm_dga
20000523.0930.rfi_fm_dga
20000525.1130.rfi_fm_dga
20030414.0700.FRANCEINTER_DGA
20030415.0800.FRANCEINTER_DGA
20030416.1200.FRANCEINFO_DGA
20030417.1700.FRANCEINFO_DGA
20030428.1400.RFI_ELDA
20030505.1400.RFI_ELDA
20030619.0700.RTM_ELDA
20030620.1300.RTM_ELDA
20030621.2000.RTM_ELDA
20030622.2300.RTM_ELDA
20030627.0700.RTM_ELDA
20030628.1300.RTM_ELDA
20030629.2000.RTM_ELDA
20030630.2300.RTM_ELDA
20030702.0700.RTM_ELDA
20030703.1300.RTM_ELDA
20030704.2000.RTM_ELDA
20030705.2300.RTM_ELDA
20030707.0700.RTM_ELDA
20030708.1300.RTM_ELDA
20030709.2000.RTM_ELDA
20030710.2300.RTM_ELDA
20030712.0700.RTM_ELDA
20030713.1300.RTM_ELDA
20030717.2000.RTM_ELDA
20030719.2300.RTM_ELDA
20041011.1300.INTER_DGA
20041027.1230.RFI_ELDA
20041220.1300.RTM_ELDA
20070613.0730.africa1
20070625.0730.africa1
20070710.1900.inter
20070716.2045.tvme
20071219.2135.tvme
20080108.2135.tvme
20080122.2030.rfi
20080128.2030.rfi
20080208.1200.africa1
20100203.1750.FINTER_DEBATE
20100207.2000.FINTER_DEBATE
20100903.1759.BFMTV_BFMStory
20100928.2049.LCP_CaVousRegarde
20101005.2152.FINTER_DEBATE
20101010.0604.LCP_PileEtFace
20101018.0910.FINTER_DEBATE
20101021.2152.FINTER_DEBATE
20101026.2138.LCP_TopQuestions
20101121.0604.LCP_PileEtFace
20110103.1759.BFMTV_BFMStory
20110213.1357.LCP_EntreLesLignes
20110318.1929.LCP_EntreLesLignes
20110405.0259.LCP_EntreLesLignes
20110503.2013.TV8_LaPlaceDuVillage
20110510.2028.LCP_LCPInfo20h30
20110512.0645.BFMTV_PlaneteShowbiz
20110513.1928.LCP_EntreLesLignes
20110526.0004.LCP_CaVousRegarde
20110601.0650.BFMTV_PlaneteShowbiz
20110603.1759.BFMTV_BFMStory
20110705.2029.LCP_LCPInfo20h30
20110708.0650.BFMTV_PlaneteShowbiz
20110711.0650.BFMTV_PlaneteShowbiz
20110713.2138.LCP_TopQuestions
20110912.1759.BFMTV_BFMStory
20110915.0650.BFMTV_PlaneteShowbiz
20110921.0650.BFMTV_PlaneteShowbiz
20110927.2327.LCP_TopQuestions
20111001.1233.LCP_EntreLesLignes
20111005.1327.LCP_LCPInfo13h30
20111011.2327.LCP_TopQuestions
20111015.0327.LCP_PileEtFace
20111018.0650.BFMTV_PlaneteShowbiz
20111020.0650.BFMTV_PlaneteShowbiz
20111025.2327.LCP_TopQuestions
20111031.0650.BFMTV_PlaneteShowbiz
20111103.0750.BFMTV_PlaneteShowbiz
20111108.2327.LCP_TopQuestions
20111115.0650.BFMTV_PlaneteShowbiz
20111122.0650.BFMTV_PlaneteShowbiz
20111128.0650.BFMTV_PlaneteShowbiz
20111130.0750.BFMTV_PlaneteShowbiz
20111202.0650.BFMTV_PlaneteShowbiz
20111208.0650.BFMTV_PlaneteShowbiz
20111213.0750.BFMTV_PlaneteShowbiz
20111216.1927.LCP_EntreLesLignes