19981207.0800.inter_fm_dga
19981208.0700.inter_fm_dga
19981208.0800.inter_fm_dga
19981209.0700.inter_fm_dga
19981210.0700.inter_fm_dga
19981210.0800.inter_fm_dga
19981211.0700.inter_fm_dga
19981211.0800.inter_fm_dga
19981214.0800.inter_fm_dga
19981215.0700.inter_fm_dga
19981215.0800.inter_fm_dga
19981216.0700.inter_fm_dga
19981217.0700.inter_fm_dga
19981217.0800.inter_fm_dga
19981218.0700.inter_fm_dga
19981218.0800.inter_fm_dga
19990607.1900.inter_fm_dga
19990608.1900.inter_fm_dga
19990609.1900.inter_fm_dga
19990610.1900.inter_fm_dga
19990614.1900.inter_fm_dga
19990616.1900.inter_fm_dga
19990617.1900.inter_fm_dga
19990618.1900.inter_fm_dga
19990622.1900.inter_fm_dga
19990623.1900.inter_fm_dga
19990624.1900.inter_fm_dga
19990625.1900.inter_fm_dga
20000410.1130.rfi_fm_dga
20000414.0930.rfi_fm_dga
20000522.0930.rfi_fm_dga
20000522.1130.rfi_fm_dga
20000523.1130.rfi_fm_dga
20000524.0930.rfi_fm_dga
20000524.1130.rfi_fm_dga
20000525.0930.rfi_fm_dga
20000907.0930.rfi_fm_dga
20000907.1130.rfi_fm_dga
20000908.0930.rfi_fm_dga
20000908.1130.rfi_fm_dga
20030414.0800.FRANCEINTER_DGA
20030414.1200.FRANCEINFO_DGA
20030414.1700.FRANCEINFO_DGA
20030415.0700.FRANCEINTER_DGA
20030415.1200.FRANCEINFO_DGA
20030415.1700.FRANCEINFO_DGA
20030416.0700.FRANCEINTER_DGA
20030416.0800.FRANCEINTER_DGA
20030416.1700.FRANCEINFO_DGA
20030417.0700.FRANCEINTER_DGA
20030417.0800.FRANCEINTER_DGA
20030417.1200.FRANCEINFO_DGA
20030418.0700.FRANCEINTER_DGA
20030418.0800.FRANCEINTER_DGA
20030418.1200.FRANCEINFO_DGA
20030418.1700.FRANCEINFO_DGA
20030429.1400.RFI_ELDA
20030430.1400.RFI_ELDA
20030501.1400.RFI_ELDA
20030502.1400.RFI_ELDA
20030506.1400.RFI_ELDA
20030507.1400.RFI_ELDA
20030508.1400.RFI_ELDA
20030509.1400.RFI_ELDA
20030619.1300.RTM_ELDA
20030619.2000.RTM_ELDA
20030619.2300.RTM_ELDA
20030620.0700.RTM_ELDA
20030620.2000.RTM_ELDA
20030620.2300.RTM_ELDA
20030621.0700.RTM_ELDA
20030621.1300.RTM_ELDA
20030621.2300.RTM_ELDA
20030622.0700.RTM_ELDA
20030622.1300.RTM_ELDA
20030622.2000.RTM_ELDA
20030623.0700.RTM_ELDA
20030623.1300.RTM_ELDA
20030623.2000.RTM_ELDA
20030623.2300.RTM_ELDA
20030627.1300.RTM_ELDA
20030627.2000.RTM_ELDA
20030627.2300.RTM_ELDA
20030628.0700.RTM_ELDA
20030628.2000.RTM_ELDA
20030628.2300.RTM_ELDA
20030629.0700.RTM_ELDA
20030629.1300.RTM_ELDA
20030629.2300.RTM_ELDA
20030630.0700.RTM_ELDA
20030630.1300.RTM_ELDA
20030630.2000.RTM_ELDA
20030701.0700.RTM_ELDA
20030701.1300.RTM_ELDA
20030701.2000.RTM_ELDA
20030701.2300.RTM_ELDA
20030702.1300.RTM_ELDA
20030702.2000.RTM_ELDA
20030702.2300.RTM_ELDA
20030703.0700.RTM_ELDA
20030703.2000.RTM_ELDA
20030703.2300.RTM_ELDA
20030704.0700.RTM_ELDA
20030704.1300.RTM_ELDA
20030704.2300.RTM_ELDA
20030705.0700.RTM_ELDA
20030705.1300.RTM_ELDA
20030705.2000.RTM_ELDA
20030706.0700.RTM_ELDA
20030706.1300.RTM_ELDA
20030706.2000.RTM_ELDA
20030706.2300.RTM_ELDA
20030707.1300.RTM_ELDA
20030707.2000.RTM_ELDA
20030707.2300.RTM_ELDA
20030708.0700.RTM_ELDA
20030708.2000.RTM_ELDA
20030708.2300.RTM_ELDA
20030709.0700.RTM_ELDA
20030709.1300.RTM_ELDA
20030709.2300.RTM_ELDA
20030710.0700.RTM_ELDA
20030710.1300.RTM_ELDA
20030710.2000.RTM_ELDA
20030711.0700.RTM_ELDA
20030711.1300.RTM_ELDA
20030711.2000.RTM_ELDA
20030711.2300.RTM_ELDA
20030712.1300.RTM_ELDA
20030712.2000.RTM_ELDA
20030712.2300.RTM_ELDA
20030713.0700.RTM_ELDA
20030713.2000.RTM_ELDA
20030713.2300.RTM_ELDA
20030717.0700.RTM_ELDA
20030717.1300.RTM_ELDA
20030717.2300.RTM_ELDA
20030719.0700.RTM_ELDA
20030719.1300.RTM_ELDA
20030719.2000.RTM_ELDA
20041006.0700.CLASSIQUE
20041006.0800.CULTURE
20041007.0800.INTER_DGA
20041008.1800.INFO_DGA
20041012.1800.INFO_DGA
20041013.1700.INFO_DGA
20041025.1930.RFI_ELDA
20041026.1930.RFI_ELDA
20041124.1230.RFI_ELDA
20041217.1300.RTM_ELDA
20041218.1300.RTM_ELDA
20041219.1300.RTM_ELDA
20041221.1300.RTM_ELDA
20041222.1300.RTM_ELDA
20041223.1300.RTM_ELDA
20070608.0730.africa1
20070614.0730.africa1
20070615.0730.africa1
20070618.0730.africa1
20070619.0730.africa1
20070626.0730.africa1
20070628.0730.africa1
20070707.0700.rfi
20070710.0630.rfi
20070711.1900.inter
20070712.1900.inter
20070715.2045.tvme
20070716.1200.inter
20070717.2045.tvme
20070718.2045.tvme
20070723.1920.inter
20071218.1900.inter
20071220.1900.inter
20071221.1900.inter
20071221.2135.tvme
20080107.2135.tvme
20080117.1000.inter
20080118.1000.inter
20080118.2030.rfi
20080122.0930.rfi
20080123.2030.rfi
20080124.1920.inter
20080124.2030.rfi
20080125.2030.rfi
20080204.1900.africa1
20080205.1900.africa1
20080206.1200.africa1
20080207.1200.africa1
20080209.1200.africa1
20080210.1200.africa1
20080211.1200.africa1
20080212.1200.africa1
20100204.1000.FINTER_DEBATE
20100204.1230.FINTER_FOUDUROI_POD
20100204.1750.FINTER_DEBATE
20100205.1000.FINTER_DEBATE
20100208.1000.FINTER_DEBATE
20100208.1750.FINTER_DEBATE
20100214.2000.FINTER_DEBATE
20100221.2000.FINTER_DEBATE
20100910.1929.LCP_EntreLesLignes
20100911.0859.LCP_PileEtFace
20100914.1759.BFMTV_BFMStory
20100918.0859.LCP_PileEtFace
20101001.1759.BFMTV_BFMStory
20101003.0604.LCP_PileEtFace
20101003.1359.LCP_EntreLesLignes
20101004.2152.FINTER_DEBATE
20101006.0910.FINTER_DEBATE
20101006.2152.FINTER_DEBATE
20101007.2152.FINTER_DEBATE
20101008.0910.FINTER_DEBATE
20101014.2152.FINTER_DEBATE
20101015.0910.FINTER_DEBATE
20101017.0604.LCP_PileEtFace
20101017.2004.FINTER_DEBATE
20101018.2048.LCP_CaVousRegarde
20101018.2152.FINTER_DEBATE
20101019.0910.FINTER_DEBATE
20101020.2152.FINTER_DEBATE
20101024.0604.LCP_PileEtFace
20101024.1359.LCP_EntreLesLignes
20101024.2004.FINTER_DEBATE
20101025.2152.FINTER_DEBATE
20101026.2152.FINTER_DEBATE
20101028.2152.FINTER_DEBATE
20101102.2138.LCP_TopQuestions
20101116.2138.LCP_TopQuestions
20101122.1759.BFMTV_BFMStory
20101122.2048.LCP_CaVousRegarde
20101123.2138.LCP_TopQuestions
20101130.2138.LCP_TopQuestions
20110123.1359.LCP_EntreLesLignes
20110129.1228.LCP_EntreLesLignes
20110201.2138.LCP_TopQuestions
20110213.0557.LCP_PileEtFace
20110217.2047.LCP_CaVousRegarde
20110314.1728.TV8_LaPlaceDuVillage
20110317.1759.BFMTV_BFMStory
20110317.1929.LCP_PileEtFace
20110321.2013.TV8_LaPlaceDuVillage
20110323.2139.LCP_TopQuestions
20110324.1929.LCP_PileEtFace
20110325.1929.LCP_EntreLesLignes
20110405.2139.LCP_TopQuestions
20110412.2139.LCP_TopQuestions
20110414.1929.LCP_PileEtFace
20110415.1929.LCP_EntreLesLignes
20110504.2359.LCP_CaVousRegarde
20110506.1928.LCP_EntreLesLignes
20110507.0258.LCP_PileEtFace
20110509.2359.LCP_CaVousRegarde
20110510.2049.LCP_CaVousRegarde
20110511.1759.BFMTV_BFMStory
20110511.2138.LCP_TopQuestions
20110511.2359.LCP_CaVousRegarde
20110512.1728.TV8_LaPlaceDuVillage
20110512.2359.LCP_CaVousRegarde
20110513.0059.LCP_PileEtFace
20110513.0645.BFMTV_PlaneteShowbiz
20110518.0004.LCP_TopQuestions
20110518.0650.BFMTV_PlaneteShowbiz
20110525.0650.BFMTV_PlaneteShowbiz
20110525.2138.LCP_TopQuestions
20110526.1928.LCP_PileEtFace
20110527.0650.BFMTV_PlaneteShowbiz
20110531.1759.BFMTV_BFMStory
20110531.2029.LCP_LCPInfo20h30
20110601.1328.LCP_LCPInfo13h30
20110602.0650.BFMTV_PlaneteShowbiz
20110602.1759.BFMTV_BFMStory
20110603.0650.BFMTV_PlaneteShowbiz
20110704.2358.LCP_CaVousRegarde
20110705.0258.LCP_EntreLesLignes
20110705.0650.BFMTV_PlaneteShowbiz
20110705.1759.BFMTV_BFMStory
20110706.0750.BFMTV_PlaneteShowbiz
20110706.1328.LCP_LCPInfo13h30
20110707.1759.BFMTV_BFMStory
20110707.2028.LCP_LCPInfo20h30
20110708.1328.LCP_LCPInfo13h30
20110708.1759.BFMTV_BFMStory
20110708.1928.LCP_EntreLesLignes
20110709.0303.LCP_PileEtFace
20110711.1759.BFMTV_BFMStory
20110712.0650.BFMTV_PlaneteShowbiz
20110713.0650.BFMTV_PlaneteShowbiz
20110713.1759.BFMTV_BFMStory
20110907.1759.BFMTV_BFMStory
20110908.0650.BFMTV_PlaneteShowbiz
20110909.0650.BFMTV_PlaneteShowbiz
20110912.0750.BFMTV_PlaneteShowbiz
20110913.0650.BFMTV_PlaneteShowbiz
20110913.1328.LCP_LCPInfo13h30
20110913.1759.BFMTV_BFMStory
20110914.0650.BFMTV_PlaneteShowbiz
20110915.1859.LCP_PileEtFace
20110916.0650.BFMTV_PlaneteShowbiz
20110916.1923.LCP_EntreLesLignes
20110920.0650.BFMTV_PlaneteShowbiz
20110922.0650.BFMTV_PlaneteShowbiz
20110923.0650.BFMTV_PlaneteShowbiz
20110923.0957.LCP_PileEtFace
20110927.0650.BFMTV_PlaneteShowbiz
20110928.0750.BFMTV_PlaneteShowbiz
20110929.0750.BFMTV_PlaneteShowbiz
20110930.0650.BFMTV_PlaneteShowbiz
20110930.1457.LCP_PileEtFace
20111003.0650.BFMTV_PlaneteShowbiz
20111004.0650.BFMTV_PlaneteShowbiz
20111004.2012.LCP_TopQuestions
20111005.0650.BFMTV_PlaneteShowbiz
20111006.1927.LCP_PileEtFace
20111007.0650.BFMTV_PlaneteShowbiz
20111007.1927.LCP_EntreLesLignes
20111011.0650.BFMTV_PlaneteShowbiz
20111013.0650.BFMTV_PlaneteShowbiz
20111013.2046.LCP_CaVousRegarde
20111014.1327.LCP_LCPInfo13h30
20111014.1758.BFMTV_BFMStory
20111017.1327.LCP_LCPInfo13h30
20111017.1758.BFMTV_BFMStory
20111017.2027.LCP_CaVousRegarde
20111018.0327.LCP_EntreLesLignes
20111018.1327.LCP_LCPInfo13h30
20111018.2327.LCP_TopQuestions
20111019.0650.BFMTV_PlaneteShowbiz
20111019.1327.LCP_LCPInfo13h30
20111020.1327.LCP_LCPInfo13h30
20111021.0750.BFMTV_PlaneteShowbiz
20111024.0650.BFMTV_PlaneteShowbiz
20111025.0650.BFMTV_PlaneteShowbiz
20111026.0750.BFMTV_PlaneteShowbiz
20111027.0650.BFMTV_PlaneteShowbiz
20111028.0650.BFMTV_PlaneteShowbiz
20111029.0326.LCP_PileEtFace
20111101.0650.BFMTV_PlaneteShowbiz
20111102.0650.BFMTV_PlaneteShowbiz
20111102.1758.BFMTV_BFMStory
20111102.2327.LCP_TopQuestions
20111103.1927.LCP_PileEtFace
20111104.0650.BFMTV_PlaneteShowbiz
20111107.0650.BFMTV_PlaneteShowbiz
20111108.0650.BFMTV_PlaneteShowbiz
20111109.0650.BFMTV_PlaneteShowbiz
20111110.0650.BFMTV_PlaneteShowbiz
20111110.1926.LCP_PileEtFace
20111111.0650.BFMTV_PlaneteShowbiz
20111116.0650.BFMTV_PlaneteShowbiz
20111118.1927.LCP_EntreLesLignes
20111119.0857.LCP_PileEtFace
20111121.0650.BFMTV_PlaneteShowbiz
20111123.0750.BFMTV_PlaneteShowbiz
20111124.0650.BFMTV_PlaneteShowbiz
20111124.1327.LCP_LCPInfo13h30
20111124.1927.LCP_PileEtFace
20111128.1758.BFMTV_BFMStory
20111129.0650.BFMTV_PlaneteShowbiz
20111129.1758.BFMTV_BFMStory
20111129.2047.LCP_CaVousRegarde
20111130.2012.LCP_TopQuestions
20111201.0650.BFMTV_PlaneteShowbiz
20111201.1327.LCP_LCPInfo13h30
20111201.1927.LCP_PileEtFace
20111206.1327.LCP_LCPInfo13h30
20111206.1758.BFMTV_BFMStory
20111207.0650.BFMTV_PlaneteShowbiz
20111207.2012.LCP_TopQuestions
20111209.0650.BFMTV_PlaneteShowbiz
20111212.0650.BFMTV_PlaneteShowbiz
20111212.1327.LCP_LCPInfo13h30
20111212.1758.BFMTV_BFMStory
20111213.2327.LCP_TopQuestions
20111214.0650.BFMTV_PlaneteShowbiz
20111214.2327.LCP_TopQuestions
20111216.0650.BFMTV_PlaneteShowbiz
20111220.0650.BFMTV_PlaneteShowbiz
20111220.2046.LCP_CaVousRegarde
20111220.2327.LCP_TopQuestions
20111221.2326.LCP_TopQuestions